<?xml version="1.0" encoding="UTF-8"?>
<testng-results ignored="0" total="1" passed="1" failed="0" skipped="0">
  <reporter-output>
  </reporter-output>
  <suite started-at="2021-10-19T20:04:23 CDT" name="Default suite" finished-at="2021-10-19T20:04:32 CDT" duration-ms="9485">
    <groups>
    </groups>
    <test started-at="2021-10-19T20:04:23 CDT" name="Default test" finished-at="2021-10-19T20:04:32 CDT" duration-ms="9485">
      <class name="test.Login">
        <test-method is-config="true" signature="setup()[pri:0, instance:test.Login@ef9296d]" started-at="2021-10-19T20:04:23 CDT" name="setup" finished-at="2021-10-19T20:04:26 CDT" duration-ms="3031" status="PASS">
          <reporter-output>
          </reporter-output>
        </test-method> <!-- setup -->
        <test-method signature="posLogin()[pri:0, instance:test.Login@ef9296d]" started-at="2021-10-19T20:04:26 CDT" name="posLogin" finished-at="2021-10-19T20:04:32 CDT" duration-ms="6409" status="PASS">
          <reporter-output>
          </reporter-output>
        </test-method> <!-- posLogin -->
      </class> <!-- test.Login -->
    </test> <!-- Default test -->
  </suite> <!-- Default suite -->
</testng-results>
